{
  "stats": {
    "suites": 1,
    "tests": 1,
    "passes": 1,
    "pending": 0,
    "failures": 0,
    "start": "2023-12-02T11:19:27.422Z",
    "end": "2023-12-02T11:19:45.463Z",
    "duration": 18041,
    "testsRegistered": 1,
    "passPercent": 100,
    "pendingPercent": 0,
    "other": 0,
    "hasOther": false,
    "skipped": 0,
    "hasSkipped": false
  },
  "results": [
    {
      "uuid": "0e36503b-f75b-4052-ba08-1417a6602767",
      "title": "",
      "fullFile": "cypress/e2e/specs/userSignup-CustomCommands.cy.js",
      "file": "cypress/e2e/specs/userSignup-CustomCommands.cy.js",
      "beforeHooks": [],
      "afterHooks": [],
      "tests": [],
      "suites": [
        {
          "uuid": "616a9565-a1af-47d5-b1df-0cbe2f44bbd6",
          "title": "user signup feature",
          "fullFile": "",
          "file": "",
          "beforeHooks": [],
          "afterHooks": [],
          "tests": [
            {
              "title": "test user register successfully",
              "fullTitle": "user signup feature test user register successfully",
              "timedOut": null,
              "duration": 6790,
              "state": "passed",
              "speed": "medium",
              "pass": true,
              "fail": false,
              "pending": false,
              "context": null,
              "code": "cy.userRegister();",
              "err": {},
              "uuid": "7ac38fde-8d6c-4b4c-995a-0f451fd3d807",
              "parentUUID": "616a9565-a1af-47d5-b1df-0cbe2f44bbd6",
              "isHook": false,
              "skipped": false
            }
          ],
          "suites": [],
          "passes": [
            "7ac38fde-8d6c-4b4c-995a-0f451fd3d807"
          ],
          "failures": [],
          "pending": [],
          "skipped": [],
          "duration": 6790,
          "root": false,
          "rootEmpty": false,
          "_timeout": 2000
        }
      ],
      "passes": [],
      "failures": [],
      "pending": [],
      "skipped": [],
      "duration": 0,
      "root": true,
      "rootEmpty": true,
      "_timeout": 2000
    }
  ],
  "meta": {
    "mocha": {
      "version": "7.0.1"
    },
    "mochawesome": {
      "options": {
        "quiet": false,
        "reportFilename": "[status]_[datetime]-[name]-report",
        "saveHtml": true,
        "saveJson": true,
        "consoleReporter": "spec",
        "useInlineDiffs": false,
        "code": true
      },
      "version": "7.1.3"
    },
    "marge": {
      "options": {
        "reportFilename": "[status]_[datetime]-[name]-report",
        "timestamp": "longDate"
      },
      "version": "6.2.0"
    }
  }
}